22:06:34.970 ERROR   $$ 'message' $$ 
Traceback (most recent call last):
  File "C:/Users/oskar/Desktop/algorytm/zonda_async_ob_update.py", line 27, in main
    '{str(dict_val['message']['changes'][0]['marketCode'])}',
KeyError: 'message'
22:06:35.071 INFO  Ob received for BTC-PLN timestamp: 1642021596605
22:06:35.218 INFO  Ob received for BTC-PLN timestamp: 1642021596696
22:06:35.234 INFO  Ob received for BTC-PLN timestamp: 1642021596763
22:06:35.271 INFO  Ob received for BTC-PLN timestamp: 1642021596810
22:06:35.287 INFO  Ob received for BTC-PLN timestamp: 1642021596812
22:06:35.287 INFO  Ob received for BTC-PLN timestamp: 1642021596821
22:06:35.318 INFO  Ob received for BTC-PLN timestamp: 1642021596829
22:06:35.318 INFO  Ob received for BTC-PLN timestamp: 1642021596841
22:06:35.365 INFO  Ob received for BTC-PLN timestamp: 1642021596892
22:06:35.371 INFO  Ob received for BTC-PLN timestamp: 1642021596895
22:06:35.418 INFO  Ob received for BTC-PLN timestamp: 1642021596947
22:06:35.434 INFO  Ob received for BTC-PLN timestamp: 1642021596948
22:06:35.434 INFO  Ob received for BTC-PLN timestamp: 1642021596965
22:06:35.465 INFO  Ob received for BTC-PLN timestamp: 1642021596982
22:06:35.472 INFO  Ob received for BTC-PLN timestamp: 1642021596995
22:06:35.519 INFO  Ob received for BTC-PLN timestamp: 1642021597013
22:06:35.635 INFO  Ob received for BTC-PLN timestamp: 1642021597174
22:06:35.751 INFO  Ob received for BTC-PLN timestamp: 1642021597271
22:06:35.819 INFO  Ob received for BTC-PLN timestamp: 1642021597340
22:06:35.819 INFO  Ob received for BTC-PLN timestamp: 1642021597358
22:06:35.920 INFO  Ob received for BTC-PLN timestamp: 1642021597454
22:06:36.067 INFO  Ob received for BTC-PLN timestamp: 1642021597574
22:06:36.251 INFO  Ob received for BTC-PLN timestamp: 1642021597786
22:06:36.251 INFO  Ob received for BTC-PLN timestamp: 1642021597798
22:06:36.273 INFO  Ob received for BTC-PLN timestamp: 1642021597801
22:06:36.305 INFO  Ob received for BTC-PLN timestamp: 1642021597820
22:06:36.389 INFO  Ob received for BTC-PLN timestamp: 1642021597877
22:06:36.389 INFO  Ob received for BTC-PLN timestamp: 1642021597878
22:06:36.389 INFO  Ob received for BTC-PLN timestamp: 1642021597881
22:06:36.436 INFO  Ob received for BTC-PLN timestamp: 1642021597972
22:06:36.436 INFO  Ob received for BTC-PLN timestamp: 1642021597975
22:06:36.505 INFO  Ob received for BTC-PLN timestamp: 1642021598008
22:06:36.573 INFO  Ob received for BTC-PLN timestamp: 1642021598120
22:06:36.674 INFO  Ob received for BTC-PLN timestamp: 1642021598205
22:06:36.767 INFO  Ob received for BTC-PLN timestamp: 1642021598309
22:06:36.789 INFO  Ob received for BTC-PLN timestamp: 1642021598327
22:06:36.821 INFO  Ob received for BTC-PLN timestamp: 1642021598354
22:06:36.874 INFO  Ob received for BTC-PLN timestamp: 1642021598409
22:06:36.890 INFO  Ob received for BTC-PLN timestamp: 1642021598429
22:06:36.937 INFO  Ob received for BTC-PLN timestamp: 1642021598439
22:06:36.968 INFO  Ob received for BTC-PLN timestamp: 1642021598498
22:06:37.006 INFO  Ob received for BTC-PLN timestamp: 1642021598527
22:06:37.234 INFO  Ob received for BTC-PLN timestamp: 1642021598700
22:06:37.322 INFO  Ob received for BTC-PLN timestamp: 1642021598861
22:06:37.322 INFO  Ob received for BTC-PLN timestamp: 1642021598869
22:06:37.375 INFO  Ob received for BTC-PLN timestamp: 1642021598875
22:06:37.391 INFO  Ob received for BTC-PLN timestamp: 1642021598887
22:06:37.407 INFO  Ob received for BTC-PLN timestamp: 1642021598894
22:06:37.423 INFO  Ob received for BTC-PLN timestamp: 1642021598947
22:06:37.523 INFO  Ob received for BTC-PLN timestamp: 1642021599028
22:06:37.554 INFO  Ob received for BTC-PLN timestamp: 1642021599048
22:06:37.554 INFO  Ob received for BTC-PLN timestamp: 1642021599088
22:06:37.639 INFO  Ob received for BTC-PLN timestamp: 1642021599176
22:06:37.708 INFO  Ob received for BTC-PLN timestamp: 1642021599219
22:06:37.708 INFO  Ob received for BTC-PLN timestamp: 1642021599220
22:06:37.708 INFO  Ob received for BTC-PLN timestamp: 1642021599228
22:06:37.739 INFO  Ob received for BTC-PLN timestamp: 1642021599238
22:06:37.770 INFO  Ob received for BTC-PLN timestamp: 1642021599305
22:06:37.777 INFO  Ob received for BTC-PLN timestamp: 1642021599315
22:06:37.855 INFO  Ob received for BTC-PLN timestamp: 1642021599397
22:06:37.893 INFO  Ob received for BTC-PLN timestamp: 1642021599416
22:06:37.955 INFO  Ob received for BTC-PLN timestamp: 1642021599493
22:06:38.077 INFO  Ob received for BTC-PLN timestamp: 1642021599603
22:06:38.178 INFO  Ob received for BTC-PLN timestamp: 1642021599712
22:06:38.193 INFO  Ob received for BTC-PLN timestamp: 1642021599725
22:06:38.225 INFO  Ob received for BTC-PLN timestamp: 1642021599769
22:06:38.225 INFO  Ob received for BTC-PLN timestamp: 1642021599772
22:06:38.240 INFO  Ob received for BTC-PLN timestamp: 1642021599782
22:06:38.240 INFO  Ob received for BTC-PLN timestamp: 1642021599784
22:06:38.256 INFO  Ob received for BTC-PLN timestamp: 1642021599798
22:06:38.256 INFO  Ob received for BTC-PLN timestamp: 1642021599803
22:06:38.309 INFO  Ob received for BTC-PLN timestamp: 1642021599846
22:06:38.356 INFO  Ob received for BTC-PLN timestamp: 1642021599870
22:06:38.356 INFO  Ob received for BTC-PLN timestamp: 1642021599893
22:06:38.372 INFO  Ob received for BTC-PLN timestamp: 1642021599910
22:06:38.425 INFO  Ob received for BTC-PLN timestamp: 1642021599950
22:06:38.441 INFO  Ob received for BTC-PLN timestamp: 1642021599953
22:06:38.541 INFO  Ob received for BTC-PLN timestamp: 1642021599980
22:06:38.541 INFO  Ob received for BTC-PLN timestamp: 1642021600049
22:06:38.557 INFO  Ob received for BTC-PLN timestamp: 1642021600085
22:06:38.578 INFO  Ob received for BTC-PLN timestamp: 1642021600113
22:06:38.694 INFO  Ob received for BTC-PLN timestamp: 1642021600204
22:06:38.826 INFO  Ob received for BTC-PLN timestamp: 1642021600363
22:06:38.842 INFO  Ob received for BTC-PLN timestamp: 1642021600381
22:06:38.958 INFO  Ob received for BTC-PLN timestamp: 1642021600483
22:06:39.237 INFO  Ob received for BTC-PLN timestamp: 1642021600746
22:06:39.237 INFO  Ob received for BTC-PLN timestamp: 1642021600747
22:06:39.237 INFO  Ob received for BTC-PLN timestamp: 1642021600749
22:06:39.237 INFO  Ob received for BTC-PLN timestamp: 1642021600760
22:06:39.237 INFO  Ob received for BTC-PLN timestamp: 1642021600761
22:06:39.280 INFO  Ob received for BTC-PLN timestamp: 1642021600823
22:06:39.374 INFO  Ob received for BTC-PLN timestamp: 1642021600877
22:06:39.480 INFO  Ob received for BTC-PLN timestamp: 1642021601003
22:06:39.717 INFO  Ob received for BTC-PLN timestamp: 1642021601255
22:06:39.828 INFO  Ob received for BTC-PLN timestamp: 1642021601351
22:06:39.828 INFO  Ob received for BTC-PLN timestamp: 1642021601356
22:06:39.859 INFO  Ob received for BTC-PLN timestamp: 1642021601376
22:06:39.859 INFO  Ob received for BTC-PLN timestamp: 1642021601390
22:06:39.912 INFO  Ob received for BTC-PLN timestamp: 1642021601446
22:06:40.012 INFO  Ob received for BTC-PLN timestamp: 1642021601456
22:06:40.075 INFO  Ob received for BTC-PLN timestamp: 1642021601593
22:06:40.081 INFO  Ob received for BTC-PLN timestamp: 1642021601601
22:06:40.081 INFO  Ob received for BTC-PLN timestamp: 1642021601605
22:06:40.081 INFO  Ob received for BTC-PLN timestamp: 1642021601613
22:06:40.159 INFO  Ob received for BTC-PLN timestamp: 1642021601688
22:06:40.159 INFO  Ob received for BTC-PLN timestamp: 1642021601696
22:06:40.181 INFO  Ob received for BTC-PLN timestamp: 1642021601719
22:06:40.197 INFO  Ob received for BTC-PLN timestamp: 1642021601723
22:06:40.197 INFO  Ob received for BTC-PLN timestamp: 1642021601733
22:06:40.213 INFO  Ob received for BTC-PLN timestamp: 1642021601738
22:06:40.397 INFO  Ob received for BTC-PLN timestamp: 1642021601804
22:06:40.397 INFO  Ob received for BTC-PLN timestamp: 1642021601908
22:06:40.397 INFO  Ob received for BTC-PLN timestamp: 1642021601914
22:06:40.397 INFO  Ob received for BTC-PLN timestamp: 1642021601926
22:06:40.460 INFO  Ob received for BTC-PLN timestamp: 1642021602005
22:06:40.576 INFO  Ob received for BTC-PLN timestamp: 1642021602104
22:06:40.582 INFO  Ob received for BTC-PLN timestamp: 1642021602127
22:06:40.613 INFO  Ob received for BTC-PLN timestamp: 1642021602140
22:06:40.682 INFO  Ob received for BTC-PLN timestamp: 1642021602208
22:06:40.682 INFO  Ob received for BTC-PLN timestamp: 1642021602220
22:06:40.783 INFO  Ob received for BTC-PLN timestamp: 1642021602289
22:06:40.783 INFO  Ob received for BTC-PLN timestamp: 1642021602296
22:06:40.783 INFO  Ob received for BTC-PLN timestamp: 1642021602305
22:06:40.830 INFO  Ob received for BTC-PLN timestamp: 1642021602363
22:06:40.883 INFO  Ob received for BTC-PLN timestamp: 1642021602417
22:06:40.899 INFO  Ob received for BTC-PLN timestamp: 1642021602431
22:06:40.930 INFO  Ob received for BTC-PLN timestamp: 1642021602479
22:06:40.961 INFO  Ob received for BTC-PLN timestamp: 1642021602503
22:06:41.145 INFO  Ob received for BTC-PLN timestamp: 1642021602588
22:06:41.199 INFO  Ob received for BTC-PLN timestamp: 1642021602718
22:06:41.199 INFO  Ob received for BTC-PLN timestamp: 1642021602750
22:06:41.230 INFO  Ob received for BTC-PLN timestamp: 1642021602751
22:06:41.261 INFO  Ob received for BTC-PLN timestamp: 1642021602757
22:06:41.283 INFO  Ob received for BTC-PLN timestamp: 1642021602766
22:06:41.283 INFO  Ob received for BTC-PLN timestamp: 1642021602767
22:06:41.299 INFO  Ob received for BTC-PLN timestamp: 1642021602768
22:06:41.299 INFO  Ob received for BTC-PLN timestamp: 1642021602772
22:06:41.346 INFO  Ob received for BTC-PLN timestamp: 1642021602873
22:06:41.346 INFO  Ob received for BTC-PLN timestamp: 1642021602874
22:06:41.399 INFO  Ob received for BTC-PLN timestamp: 1642021602942
22:06:41.446 INFO  Ob received for BTC-PLN timestamp: 1642021602979
22:06:41.499 INFO  Ob received for BTC-PLN timestamp: 1642021602980
22:06:41.530 INFO  Ob received for BTC-PLN timestamp: 1642021603055
22:06:41.615 INFO  Ob received for BTC-PLN timestamp: 1642021603150
22:06:41.731 INFO  Ob received for BTC-PLN timestamp: 1642021603250
22:06:41.831 INFO  Ob received for BTC-PLN timestamp: 1642021603353
22:06:41.885 INFO  Ob received for BTC-PLN timestamp: 1642021603422
