11:37:03.770 ERROR   $$ TypeError('list indices must be integers or slices, not str') $$ 
Traceback (most recent call last):
  File "C:\Users\oskar\Desktop\hft_algo\db_ex_connections\bitkub_trades.py", line 44, in main
    f"""INSERT INTO bitkub.{response['stream'].split('_')[1]}thb_trades (id, price, volume, "timestamp")
TypeError: list indices must be integers or slices, not str
11:37:03.770 ERROR   $$ TypeError('list indices must be integers or slices, not str') $$ 
Traceback (most recent call last):
  File "C:\Users\oskar\Desktop\hft_algo\db_ex_connections\bitkub_trades.py", line 44, in main
    f"""INSERT INTO bitkub.{response['stream'].split('_')[1]}thb_trades (id, price, volume, "timestamp")
TypeError: list indices must be integers or slices, not str
11:37:03.770 ERROR   $$ TypeError('list indices must be integers or slices, not str') $$ 
Traceback (most recent call last):
  File "C:\Users\oskar\Desktop\hft_algo\db_ex_connections\bitkub_trades.py", line 44, in main
    f"""INSERT INTO bitkub.{response['stream'].split('_')[1]}thb_trades (id, price, volume, "timestamp")
TypeError: list indices must be integers or slices, not str
11:37:03.879 ERROR   $$ TypeError('list indices must be integers or slices, not str') $$ 
Traceback (most recent call last):
  File "C:\Users\oskar\Desktop\hft_algo\db_ex_connections\bitkub_trades.py", line 44, in main
    f"""INSERT INTO bitkub.{response['stream'].split('_')[1]}thb_trades (id, price, volume, "timestamp")
TypeError: list indices must be integers or slices, not str
11:37:04.677 ERROR   $$ TypeError('list indices must be integers or slices, not str') $$ 
Traceback (most recent call last):
  File "C:\Users\oskar\Desktop\hft_algo\db_ex_connections\bitkub_trades.py", line 44, in main
    f"""INSERT INTO bitkub.{response['stream'].split('_')[1]}thb_trades (id, price, volume, "timestamp")
TypeError: list indices must be integers or slices, not str
11:37:05.739 ERROR   $$ TypeError('list indices must be integers or slices, not str') $$ 
Traceback (most recent call last):
  File "C:\Users\oskar\Desktop\hft_algo\db_ex_connections\bitkub_trades.py", line 44, in main
    f"""INSERT INTO bitkub.{response['stream'].split('_')[1]}thb_trades (id, price, volume, "timestamp")
TypeError: list indices must be integers or slices, not str
11:37:06.577 ERROR   $$ TypeError('list indices must be integers or slices, not str') $$ 
Traceback (most recent call last):
  File "C:\Users\oskar\Desktop\hft_algo\db_ex_connections\bitkub_trades.py", line 44, in main
    f"""INSERT INTO bitkub.{response['stream'].split('_')[1]}thb_trades (id, price, volume, "timestamp")
TypeError: list indices must be integers or slices, not str
11:37:07.660 ERROR   $$ TypeError('list indices must be integers or slices, not str') $$ 
Traceback (most recent call last):
  File "C:\Users\oskar\Desktop\hft_algo\db_ex_connections\bitkub_trades.py", line 44, in main
    f"""INSERT INTO bitkub.{response['stream'].split('_')[1]}thb_trades (id, price, volume, "timestamp")
TypeError: list indices must be integers or slices, not str
11:37:07.785 ERROR   $$ TypeError('list indices must be integers or slices, not str') $$ 
Traceback (most recent call last):
  File "C:\Users\oskar\Desktop\hft_algo\db_ex_connections\bitkub_trades.py", line 44, in main
    f"""INSERT INTO bitkub.{response['stream'].split('_')[1]}thb_trades (id, price, volume, "timestamp")
TypeError: list indices must be integers or slices, not str
11:37:09.071 ERROR   $$ TypeError('list indices must be integers or slices, not str') $$ 
Traceback (most recent call last):
  File "C:\Users\oskar\Desktop\hft_algo\db_ex_connections\bitkub_trades.py", line 44, in main
    f"""INSERT INTO bitkub.{response['stream'].split('_')[1]}thb_trades (id, price, volume, "timestamp")
TypeError: list indices must be integers or slices, not str
11:37:09.510 ERROR   $$ TypeError('list indices must be integers or slices, not str') $$ 
Traceback (most recent call last):
  File "C:\Users\oskar\Desktop\hft_algo\db_ex_connections\bitkub_trades.py", line 44, in main
    f"""INSERT INTO bitkub.{response['stream'].split('_')[1]}thb_trades (id, price, volume, "timestamp")
TypeError: list indices must be integers or slices, not str
11:37:09.698 ERROR   $$ TypeError('list indices must be integers or slices, not str') $$ 
Traceback (most recent call last):
  File "C:\Users\oskar\Desktop\hft_algo\db_ex_connections\bitkub_trades.py", line 44, in main
    f"""INSERT INTO bitkub.{response['stream'].split('_')[1]}thb_trades (id, price, volume, "timestamp")
TypeError: list indices must be integers or slices, not str
11:37:33.821 ERROR   $$ TypeError('the JSON object must be str, bytes or bytearray, not list') $$ 
Traceback (most recent call last):
  File "C:\Users\oskar\Desktop\hft_algo\db_ex_connections\bitkub_trades.py", line 40, in main
    response = json.loads(resp.split("\n"))
  File "C:\Users\oskar\anaconda3\envs\hft_algo\lib\json\__init__.py", line 339, in loads
    raise TypeError(f'the JSON object must be str, bytes or bytearray, '
TypeError: the JSON object must be str, bytes or bytearray, not list
11:37:33.884 ERROR   $$ TypeError('the JSON object must be str, bytes or bytearray, not list') $$ 
Traceback (most recent call last):
  File "C:\Users\oskar\Desktop\hft_algo\db_ex_connections\bitkub_trades.py", line 40, in main
    response = json.loads(resp.split("\n"))
  File "C:\Users\oskar\anaconda3\envs\hft_algo\lib\json\__init__.py", line 339, in loads
    raise TypeError(f'the JSON object must be str, bytes or bytearray, '
TypeError: the JSON object must be str, bytes or bytearray, not list
11:37:34.509 ERROR   $$ TypeError('the JSON object must be str, bytes or bytearray, not list') $$ 
Traceback (most recent call last):
  File "C:\Users\oskar\Desktop\hft_algo\db_ex_connections\bitkub_trades.py", line 40, in main
    response = json.loads(resp.split("\n"))
  File "C:\Users\oskar\anaconda3\envs\hft_algo\lib\json\__init__.py", line 339, in loads
    raise TypeError(f'the JSON object must be str, bytes or bytearray, '
TypeError: the JSON object must be str, bytes or bytearray, not list
11:37:34.509 ERROR   $$ TypeError('the JSON object must be str, bytes or bytearray, not list') $$ 
Traceback (most recent call last):
  File "C:\Users\oskar\Desktop\hft_algo\db_ex_connections\bitkub_trades.py", line 40, in main
    response = json.loads(resp.split("\n"))
  File "C:\Users\oskar\anaconda3\envs\hft_algo\lib\json\__init__.py", line 339, in loads
    raise TypeError(f'the JSON object must be str, bytes or bytearray, '
TypeError: the JSON object must be str, bytes or bytearray, not list
11:37:34.509 ERROR   $$ TypeError('the JSON object must be str, bytes or bytearray, not list') $$ 
Traceback (most recent call last):
  File "C:\Users\oskar\Desktop\hft_algo\db_ex_connections\bitkub_trades.py", line 40, in main
    response = json.loads(resp.split("\n"))
  File "C:\Users\oskar\anaconda3\envs\hft_algo\lib\json\__init__.py", line 339, in loads
    raise TypeError(f'the JSON object must be str, bytes or bytearray, '
TypeError: the JSON object must be str, bytes or bytearray, not list
11:37:34.509 ERROR   $$ TypeError('the JSON object must be str, bytes or bytearray, not list') $$ 
Traceback (most recent call last):
  File "C:\Users\oskar\Desktop\hft_algo\db_ex_connections\bitkub_trades.py", line 40, in main
    response = json.loads(resp.split("\n"))
  File "C:\Users\oskar\anaconda3\envs\hft_algo\lib\json\__init__.py", line 339, in loads
    raise TypeError(f'the JSON object must be str, bytes or bytearray, '
TypeError: the JSON object must be str, bytes or bytearray, not list
11:37:34.509 ERROR   $$ TypeError('the JSON object must be str, bytes or bytearray, not list') $$ 
Traceback (most recent call last):
  File "C:\Users\oskar\Desktop\hft_algo\db_ex_connections\bitkub_trades.py", line 40, in main
    response = json.loads(resp.split("\n"))
  File "C:\Users\oskar\anaconda3\envs\hft_algo\lib\json\__init__.py", line 339, in loads
    raise TypeError(f'the JSON object must be str, bytes or bytearray, '
TypeError: the JSON object must be str, bytes or bytearray, not list
11:37:34.509 ERROR   $$ TypeError('the JSON object must be str, bytes or bytearray, not list') $$ 
Traceback (most recent call last):
  File "C:\Users\oskar\Desktop\hft_algo\db_ex_connections\bitkub_trades.py", line 40, in main
    response = json.loads(resp.split("\n"))
  File "C:\Users\oskar\anaconda3\envs\hft_algo\lib\json\__init__.py", line 339, in loads
    raise TypeError(f'the JSON object must be str, bytes or bytearray, '
TypeError: the JSON object must be str, bytes or bytearray, not list
11:37:34.509 ERROR   $$ TypeError('the JSON object must be str, bytes or bytearray, not list') $$ 
Traceback (most recent call last):
  File "C:\Users\oskar\Desktop\hft_algo\db_ex_connections\bitkub_trades.py", line 40, in main
    response = json.loads(resp.split("\n"))
  File "C:\Users\oskar\anaconda3\envs\hft_algo\lib\json\__init__.py", line 339, in loads
    raise TypeError(f'the JSON object must be str, bytes or bytearray, '
TypeError: the JSON object must be str, bytes or bytearray, not list
11:37:34.509 ERROR   $$ TypeError('the JSON object must be str, bytes or bytearray, not list') $$ 
Traceback (most recent call last):
  File "C:\Users\oskar\Desktop\hft_algo\db_ex_connections\bitkub_trades.py", line 40, in main
    response = json.loads(resp.split("\n"))
  File "C:\Users\oskar\anaconda3\envs\hft_algo\lib\json\__init__.py", line 339, in loads
    raise TypeError(f'the JSON object must be str, bytes or bytearray, '
TypeError: the JSON object must be str, bytes or bytearray, not list
11:37:35.123 ERROR   $$ TypeError('the JSON object must be str, bytes or bytearray, not list') $$ 
Traceback (most recent call last):
  File "C:\Users\oskar\Desktop\hft_algo\db_ex_connections\bitkub_trades.py", line 40, in main
    response = json.loads(resp.split("\n"))
  File "C:\Users\oskar\anaconda3\envs\hft_algo\lib\json\__init__.py", line 339, in loads
    raise TypeError(f'the JSON object must be str, bytes or bytearray, '
TypeError: the JSON object must be str, bytes or bytearray, not list
11:37:36.629 ERROR   $$ TypeError('the JSON object must be str, bytes or bytearray, not list') $$ 
Traceback (most recent call last):
  File "C:\Users\oskar\Desktop\hft_algo\db_ex_connections\bitkub_trades.py", line 40, in main
    response = json.loads(resp.split("\n"))
  File "C:\Users\oskar\anaconda3\envs\hft_algo\lib\json\__init__.py", line 339, in loads
    raise TypeError(f'the JSON object must be str, bytes or bytearray, '
TypeError: the JSON object must be str, bytes or bytearray, not list
11:37:38.231 ERROR   $$ TypeError('the JSON object must be str, bytes or bytearray, not list') $$ 
Traceback (most recent call last):
  File "C:\Users\oskar\Desktop\hft_algo\db_ex_connections\bitkub_trades.py", line 40, in main
    response = json.loads(resp.split("\n"))
  File "C:\Users\oskar\anaconda3\envs\hft_algo\lib\json\__init__.py", line 339, in loads
    raise TypeError(f'the JSON object must be str, bytes or bytearray, '
TypeError: the JSON object must be str, bytes or bytearray, not list
11:37:38.465 ERROR   $$ TypeError('the JSON object must be str, bytes or bytearray, not list') $$ 
Traceback (most recent call last):
  File "C:\Users\oskar\Desktop\hft_algo\db_ex_connections\bitkub_trades.py", line 40, in main
    response = json.loads(resp.split("\n"))
  File "C:\Users\oskar\anaconda3\envs\hft_algo\lib\json\__init__.py", line 339, in loads
    raise TypeError(f'the JSON object must be str, bytes or bytearray, '
TypeError: the JSON object must be str, bytes or bytearray, not list
11:37:38.861 ERROR   $$ TypeError('the JSON object must be str, bytes or bytearray, not list') $$ 
Traceback (most recent call last):
  File "C:\Users\oskar\Desktop\hft_algo\db_ex_connections\bitkub_trades.py", line 40, in main
    response = json.loads(resp.split("\n"))
  File "C:\Users\oskar\anaconda3\envs\hft_algo\lib\json\__init__.py", line 339, in loads
    raise TypeError(f'the JSON object must be str, bytes or bytearray, '
TypeError: the JSON object must be str, bytes or bytearray, not list
11:37:39.362 ERROR   $$ TypeError('the JSON object must be str, bytes or bytearray, not list') $$ 
Traceback (most recent call last):
  File "C:\Users\oskar\Desktop\hft_algo\db_ex_connections\bitkub_trades.py", line 40, in main
    response = json.loads(resp.split("\n"))
  File "C:\Users\oskar\anaconda3\envs\hft_algo\lib\json\__init__.py", line 339, in loads
    raise TypeError(f'the JSON object must be str, bytes or bytearray, '
TypeError: the JSON object must be str, bytes or bytearray, not list
11:37:39.878 ERROR   $$ TypeError('the JSON object must be str, bytes or bytearray, not list') $$ 
Traceback (most recent call last):
  File "C:\Users\oskar\Desktop\hft_algo\db_ex_connections\bitkub_trades.py", line 40, in main
    response = json.loads(resp.split("\n"))
  File "C:\Users\oskar\anaconda3\envs\hft_algo\lib\json\__init__.py", line 339, in loads
    raise TypeError(f'the JSON object must be str, bytes or bytearray, '
TypeError: the JSON object must be str, bytes or bytearray, not list
11:37:40.003 ERROR   $$ TypeError('the JSON object must be str, bytes or bytearray, not list') $$ 
Traceback (most recent call last):
  File "C:\Users\oskar\Desktop\hft_algo\db_ex_connections\bitkub_trades.py", line 40, in main
    response = json.loads(resp.split("\n"))
  File "C:\Users\oskar\anaconda3\envs\hft_algo\lib\json\__init__.py", line 339, in loads
    raise TypeError(f'the JSON object must be str, bytes or bytearray, '
TypeError: the JSON object must be str, bytes or bytearray, not list
11:38:40.001 ERROR   $$ TypeError('string indices must be integers') $$ 
Traceback (most recent call last):
  File "C:\Users\oskar\Desktop\hft_algo\db_ex_connections\bitkub_trades.py", line 45, in main
    f"""INSERT INTO bitkub.{r['stream'].split('_')[1]}thb_trades (id, price, volume, "timestamp")
TypeError: string indices must be integers
11:38:40.845 ERROR   $$ TypeError('string indices must be integers') $$ 
Traceback (most recent call last):
  File "C:\Users\oskar\Desktop\hft_algo\db_ex_connections\bitkub_trades.py", line 45, in main
    f"""INSERT INTO bitkub.{r['stream'].split('_')[1]}thb_trades (id, price, volume, "timestamp")
TypeError: string indices must be integers
11:38:40.860 ERROR   $$ TypeError('string indices must be integers') $$ 
Traceback (most recent call last):
  File "C:\Users\oskar\Desktop\hft_algo\db_ex_connections\bitkub_trades.py", line 45, in main
    f"""INSERT INTO bitkub.{r['stream'].split('_')[1]}thb_trades (id, price, volume, "timestamp")
TypeError: string indices must be integers
11:38:41.740 ERROR   $$ TypeError('string indices must be integers') $$ 
Traceback (most recent call last):
  File "C:\Users\oskar\Desktop\hft_algo\db_ex_connections\bitkub_trades.py", line 45, in main
    f"""INSERT INTO bitkub.{r['stream'].split('_')[1]}thb_trades (id, price, volume, "timestamp")
TypeError: string indices must be integers
11:38:41.740 ERROR   $$ TypeError('string indices must be integers') $$ 
Traceback (most recent call last):
  File "C:\Users\oskar\Desktop\hft_algo\db_ex_connections\bitkub_trades.py", line 45, in main
    f"""INSERT INTO bitkub.{r['stream'].split('_')[1]}thb_trades (id, price, volume, "timestamp")
TypeError: string indices must be integers
11:38:41.740 ERROR   $$ TypeError('string indices must be integers') $$ 
Traceback (most recent call last):
  File "C:\Users\oskar\Desktop\hft_algo\db_ex_connections\bitkub_trades.py", line 45, in main
    f"""INSERT INTO bitkub.{r['stream'].split('_')[1]}thb_trades (id, price, volume, "timestamp")
TypeError: string indices must be integers
11:38:41.740 ERROR   $$ TypeError('string indices must be integers') $$ 
Traceback (most recent call last):
  File "C:\Users\oskar\Desktop\hft_algo\db_ex_connections\bitkub_trades.py", line 45, in main
    f"""INSERT INTO bitkub.{r['stream'].split('_')[1]}thb_trades (id, price, volume, "timestamp")
TypeError: string indices must be integers
11:38:41.740 ERROR   $$ TypeError('string indices must be integers') $$ 
Traceback (most recent call last):
  File "C:\Users\oskar\Desktop\hft_algo\db_ex_connections\bitkub_trades.py", line 45, in main
    f"""INSERT INTO bitkub.{r['stream'].split('_')[1]}thb_trades (id, price, volume, "timestamp")
TypeError: string indices must be integers
11:38:42.793 ERROR   $$ TypeError('string indices must be integers') $$ 
Traceback (most recent call last):
  File "C:\Users\oskar\Desktop\hft_algo\db_ex_connections\bitkub_trades.py", line 45, in main
    f"""INSERT INTO bitkub.{r['stream'].split('_')[1]}thb_trades (id, price, volume, "timestamp")
TypeError: string indices must be integers
11:38:42.871 ERROR   $$ TypeError('string indices must be integers') $$ 
Traceback (most recent call last):
  File "C:\Users\oskar\Desktop\hft_algo\db_ex_connections\bitkub_trades.py", line 45, in main
    f"""INSERT INTO bitkub.{r['stream'].split('_')[1]}thb_trades (id, price, volume, "timestamp")
TypeError: string indices must be integers
11:38:45.652 ERROR   $$ TypeError('string indices must be integers') $$ 
Traceback (most recent call last):
  File "C:\Users\oskar\Desktop\hft_algo\db_ex_connections\bitkub_trades.py", line 45, in main
    f"""INSERT INTO bitkub.{r['stream'].split('_')[1]}thb_trades (id, price, volume, "timestamp")
TypeError: string indices must be integers
11:38:45.902 ERROR   $$ TypeError('string indices must be integers') $$ 
Traceback (most recent call last):
  File "C:\Users\oskar\Desktop\hft_algo\db_ex_connections\bitkub_trades.py", line 45, in main
    f"""INSERT INTO bitkub.{r['stream'].split('_')[1]}thb_trades (id, price, volume, "timestamp")
TypeError: string indices must be integers
11:39:18.221 ERROR   $$ TypeError('string indices must be integers') $$ 
Traceback (most recent call last):
  File "C:\Users\oskar\Desktop\hft_algo\db_ex_connections\bitkub_trades.py", line 45, in main
    f"""INSERT INTO bitkub.{r['stream'].split('_')[1]}thb_trades (id, price, volume, "timestamp")
TypeError: string indices must be integers
11:39:20.070 ERROR   $$ TypeError('string indices must be integers') $$ 
Traceback (most recent call last):
  File "C:\Users\oskar\Desktop\hft_algo\db_ex_connections\bitkub_trades.py", line 45, in main
    f"""INSERT INTO bitkub.{r['stream'].split('_')[1]}thb_trades (id, price, volume, "timestamp")
TypeError: string indices must be integers
11:39:20.070 ERROR   $$ TypeError('string indices must be integers') $$ 
Traceback (most recent call last):
  File "C:\Users\oskar\Desktop\hft_algo\db_ex_connections\bitkub_trades.py", line 45, in main
    f"""INSERT INTO bitkub.{r['stream'].split('_')[1]}thb_trades (id, price, volume, "timestamp")
TypeError: string indices must be integers
11:39:22.702 ERROR   $$ TypeError('string indices must be integers') $$ 
Traceback (most recent call last):
  File "C:\Users\oskar\Desktop\hft_algo\db_ex_connections\bitkub_trades.py", line 45, in main
    f"""INSERT INTO bitkub.{r['stream'].split('_')[1]}thb_trades (id, price, volume, "timestamp")
TypeError: string indices must be integers
11:39:23.156 ERROR   $$ TypeError('string indices must be integers') $$ 
Traceback (most recent call last):
  File "C:\Users\oskar\Desktop\hft_algo\db_ex_connections\bitkub_trades.py", line 45, in main
    f"""INSERT INTO bitkub.{r['stream'].split('_')[1]}thb_trades (id, price, volume, "timestamp")
TypeError: string indices must be integers
11:40:06.525 INFO  Trade received for usdt
11:40:06.650 INFO  Trade received for eth
11:40:07.581 INFO  Trade received for mana
11:40:09.069 INFO  Trade received for gala
11:40:12.105 INFO  Trade received for gala
11:40:12.643 INFO  Trade received for gala
11:40:13.097 INFO  Trade received for imx
11:40:13.662 INFO  Trade received for usdt
11:40:13.662 INFO  Trade received for gala
11:40:13.709 INFO  Trade received for eth
11:40:13.709 INFO  Trade received for eth
11:40:14.792 INFO  Trade received for eth
11:40:17.818 INFO  Trade received for doge
11:40:19.168 INFO  Trade received for gala
11:40:19.408 INFO  Trade received for usdt
11:40:19.767 INFO  Trade received for imx
11:40:19.954 INFO  Trade received for usdt
11:40:20.300 INFO  Trade received for ada
11:40:20.300 INFO  Trade received for ada
11:40:20.880 INFO  Trade received for imx
11:40:21.896 INFO  Trade received for gala
11:40:22.693 INFO  Trade received for gala
11:40:23.621 INFO  Trade received for mana
11:40:23.731 INFO  Trade received for gala
11:40:23.731 INFO  Trade received for gala
11:40:24.344 INFO  Trade received for usdt
11:40:24.569 INFO  Trade received for usdt
11:40:24.919 INFO  Trade received for usdt
11:40:25.510 INFO  Trade received for usdt
11:40:25.620 INFO  Trade received for gala
11:40:26.128 INFO  Trade received for eth
11:40:26.128 INFO  Trade received for eth
11:40:26.300 INFO  Trade received for usdt
11:40:26.425 INFO  Trade received for usdt
11:40:26.457 INFO  Trade received for usdt
11:40:26.853 INFO  Trade received for gala
11:40:26.853 INFO  Trade received for gala
11:40:26.853 INFO  Trade received for gala
11:40:26.947 INFO  Trade received for usdt
11:40:28.466 INFO  Trade received for btc
11:40:28.466 INFO  Trade received for btc
11:40:30.339 INFO  Trade received for gala
11:40:30.339 INFO  Trade received for gala
11:40:31.218 INFO  Trade received for gala
11:40:31.218 INFO  Trade received for gala
11:40:31.911 INFO  Trade received for sand
11:40:32.672 INFO  Trade received for sushi
11:40:33.026 INFO  Trade received for eth
11:40:33.903 INFO  Trade received for usdt
11:40:34.844 INFO  Trade received for gala
11:40:35.698 INFO  Trade received for eth
11:40:38.091 INFO  Trade received for gala
11:40:38.658 INFO  Trade received for gala
11:40:40.639 INFO  Trade received for doge
11:40:41.752 INFO  Trade received for gala
11:40:44.855 INFO  Trade received for gala
11:40:44.855 INFO  Trade received for gala
11:40:45.875 INFO  Trade received for imx
11:40:45.875 INFO  Trade received for imx
11:40:46.188 INFO  Trade received for doge
11:40:47.050 INFO  Trade received for ada
11:40:47.097 INFO  Trade received for gala
11:40:47.337 INFO  Trade received for eth
11:40:48.044 INFO  Trade received for imx
11:40:48.044 INFO  Trade received for imx
11:40:48.044 INFO  Trade received for imx
11:40:48.044 INFO  Trade received for imx
11:40:48.044 INFO  Trade received for imx
11:40:49.449 INFO  Trade received for eth
11:40:49.449 INFO  Trade received for eth
11:40:49.590 INFO  Trade received for imx
11:40:52.341 INFO  Trade received for sushi
11:40:53.314 INFO  Trade received for sand
11:40:53.314 INFO  Trade received for sand
11:40:53.663 INFO  Trade received for btc
11:40:53.919 INFO  Trade received for eth
11:40:53.919 INFO  Trade received for eth
11:40:55.837 INFO  Trade received for eth
11:40:56.373 INFO  Trade received for gala
11:40:56.373 INFO  Trade received for gala
11:40:57.107 INFO  Trade received for sand
11:40:57.769 INFO  Trade received for gala
11:40:58.736 INFO  Trade received for imx
11:40:58.861 INFO  Trade received for gala
11:40:59.033 INFO  Trade received for sand
11:40:59.252 INFO  Trade received for gala
11:41:00.273 INFO  Trade received for ada
11:41:00.920 INFO  Trade received for usdt
11:41:02.223 INFO  Trade received for ada
11:41:02.909 INFO  Trade received for imx
11:41:04.258 INFO  Trade received for mana
11:41:04.258 INFO  Trade received for mana
11:41:04.656 INFO  Trade received for gala
11:41:05.349 INFO  Trade received for sand
11:41:05.505 INFO  Trade received for eth
11:41:06.121 INFO  Trade received for usdt
11:41:06.121 INFO  Trade received for gala
11:41:06.121 INFO  Trade received for gala
11:41:06.121 INFO  Trade received for gala
11:41:06.121 INFO  Trade received for gala
11:41:07.154 INFO  Trade received for eth
11:41:07.154 INFO  Trade received for doge
11:41:07.279 INFO  Trade received for gala
11:41:08.044 INFO  Trade received for gala
11:41:08.169 INFO  Trade received for btc
11:41:09.469 INFO  Trade received for gala
11:41:09.811 INFO  Trade received for usdt
11:41:11.268 INFO  Trade received for gala
11:41:11.704 INFO  Trade received for btc
11:41:12.566 INFO  Trade received for btc
11:41:12.660 INFO  Trade received for ada
11:41:12.660 INFO  Trade received for ada
11:41:13.535 INFO  Trade received for eth
11:41:13.776 INFO  Trade received for mana
11:41:14.772 INFO  Trade received for gala
11:41:16.392 INFO  Trade received for mana
11:41:16.599 INFO  Trade received for usdt
11:41:16.708 INFO  Trade received for usdt
11:41:16.974 INFO  Trade received for gala
11:41:17.083 INFO  Trade received for gala
11:41:17.083 INFO  Trade received for gala
11:41:17.083 INFO  Trade received for gala
11:41:17.083 INFO  Trade received for gala
11:41:17.083 INFO  Trade received for gala
11:41:17.083 INFO  Trade received for gala
11:41:17.177 INFO  Trade received for doge
11:41:18.139 INFO  Trade received for usdt
11:41:18.957 INFO  Trade received for gala
11:41:19.909 INFO  Trade received for gala
11:41:22.030 INFO  Trade received for eth
11:41:22.030 INFO  Trade received for imx
11:41:22.344 INFO  Trade received for gala
11:41:22.391 INFO  Trade received for btc
11:41:22.783 INFO  Trade received for gala
11:41:23.147 INFO  Trade received for gala
11:41:24.799 INFO  Trade received for sand
11:41:24.799 INFO  Trade received for sand
11:41:25.373 INFO  Trade received for imx
11:41:26.086 INFO  Trade received for usdt
11:41:26.149 INFO  Trade received for eth
11:41:26.430 INFO  Trade received for eth
11:41:26.430 INFO  Trade received for eth
11:41:27.535 INFO  Trade received for yfi
11:41:27.567 INFO  Trade received for gala
11:41:27.567 INFO  Trade received for gala
11:41:29.605 INFO  Trade received for gala
11:41:31.023 INFO  Trade received for gala
11:41:32.391 INFO  Trade received for gala
11:41:32.711 INFO  Trade received for imx
11:41:35.071 INFO  Trade received for gala
11:41:35.281 INFO  Trade received for usdt
11:41:36.552 INFO  Trade received for gala
11:41:36.552 INFO  Trade received for gala
11:41:36.552 INFO  Trade received for gala
11:41:36.552 INFO  Trade received for gala
11:41:39.920 INFO  Trade received for doge
11:41:39.998 INFO  Trade received for gala
11:41:40.717 INFO  Trade received for usdt
11:41:40.795 INFO  Trade received for gala
11:41:41.351 INFO  Trade received for yfi
11:41:42.709 INFO  Trade received for gala
11:41:46.720 INFO  Trade received for btc
11:41:47.374 INFO  Trade received for eth
11:41:48.332 INFO  Trade received for eth
11:41:49.034 INFO  Trade received for gala
11:42:14.110 INFO  Trade received for usdt
11:42:14.399 INFO  Trade received for usdt
11:42:14.683 INFO  Trade received for gala
11:42:14.746 INFO  Trade received for gala
11:42:14.746 INFO  Trade received for gala
11:42:14.902 INFO  Trade received for mana
11:42:14.902 INFO  Trade received for mana
11:42:16.430 INFO  Trade received for doge
11:42:16.430 INFO  Trade received for doge
11:42:16.570 INFO  Trade received for gala
11:42:18.862 INFO  Trade received for usdt
11:42:19.245 INFO  Trade received for usdt
11:53:34.343 INFO  Trade received for eth
11:53:34.343 ERROR   $$ TypeError('list indices must be integers or slices, not str') $$ 
Traceback (most recent call last):
  File "C:\Users\oskar\Desktop\hft_algo\db_ex_connections\bitkub_trades.py", line 59, in main
    f"Trade received on timestamp: {int(r['ts'] * 1000)} for {r['stream'].split('_')[1]}, seqNo: {response['seqNo']}")
TypeError: list indices must be integers or slices, not str
11:53:35.390 INFO  Trade received for eth
11:53:35.390 ERROR   $$ TypeError('list indices must be integers or slices, not str') $$ 
Traceback (most recent call last):
  File "C:\Users\oskar\Desktop\hft_algo\db_ex_connections\bitkub_trades.py", line 59, in main
    f"Trade received on timestamp: {int(r['ts'] * 1000)} for {r['stream'].split('_')[1]}, seqNo: {response['seqNo']}")
TypeError: list indices must be integers or slices, not str
11:53:36.100 INFO  Trade received for gala
11:53:36.100 ERROR   $$ TypeError('list indices must be integers or slices, not str') $$ 
Traceback (most recent call last):
  File "C:\Users\oskar\Desktop\hft_algo\db_ex_connections\bitkub_trades.py", line 59, in main
    f"Trade received on timestamp: {int(r['ts'] * 1000)} for {r['stream'].split('_')[1]}, seqNo: {response['seqNo']}")
TypeError: list indices must be integers or slices, not str
11:53:39.656 INFO  Trade received for eth
11:53:39.656 ERROR   $$ TypeError('list indices must be integers or slices, not str') $$ 
Traceback (most recent call last):
  File "C:\Users\oskar\Desktop\hft_algo\db_ex_connections\bitkub_trades.py", line 59, in main
    f"Trade received on timestamp: {int(r['ts'] * 1000)} for {r['stream'].split('_')[1]}, seqNo: {response['seqNo']}")
TypeError: list indices must be integers or slices, not str
11:53:40.139 INFO  Trade received for eth
11:53:40.139 ERROR   $$ TypeError('list indices must be integers or slices, not str') $$ 
Traceback (most recent call last):
  File "C:\Users\oskar\Desktop\hft_algo\db_ex_connections\bitkub_trades.py", line 59, in main
    f"Trade received on timestamp: {int(r['ts'] * 1000)} for {r['stream'].split('_')[1]}, seqNo: {response['seqNo']}")
TypeError: list indices must be integers or slices, not str
11:53:40.139 INFO  Trade received for eth
11:53:40.139 ERROR   $$ TypeError('list indices must be integers or slices, not str') $$ 
Traceback (most recent call last):
  File "C:\Users\oskar\Desktop\hft_algo\db_ex_connections\bitkub_trades.py", line 59, in main
    f"Trade received on timestamp: {int(r['ts'] * 1000)} for {r['stream'].split('_')[1]}, seqNo: {response['seqNo']}")
TypeError: list indices must be integers or slices, not str
11:53:40.312 INFO  Trade received for imx
11:53:40.312 ERROR   $$ TypeError('list indices must be integers or slices, not str') $$ 
Traceback (most recent call last):
  File "C:\Users\oskar\Desktop\hft_algo\db_ex_connections\bitkub_trades.py", line 59, in main
    f"Trade received on timestamp: {int(r['ts'] * 1000)} for {r['stream'].split('_')[1]}, seqNo: {response['seqNo']}")
TypeError: list indices must be integers or slices, not str
11:55:58.122 INFO  Trade received for imx
11:55:58.122 ERROR   $$ KeyError('seqNo') $$ 
Traceback (most recent call last):
  File "C:\Users\oskar\Desktop\hft_algo\db_ex_connections\bitkub_trades.py", line 59, in main
    f"Trade received on timestamp: {int(r['ts'] * 1000)} for {r['stream'].split('_')[1]}, seqNo: {r['seqNo']}")
KeyError: 'seqNo'
11:55:59.477 INFO  Trade received for imx
11:55:59.477 ERROR   $$ KeyError('seqNo') $$ 
Traceback (most recent call last):
  File "C:\Users\oskar\Desktop\hft_algo\db_ex_connections\bitkub_trades.py", line 59, in main
    f"Trade received on timestamp: {int(r['ts'] * 1000)} for {r['stream'].split('_')[1]}, seqNo: {r['seqNo']}")
KeyError: 'seqNo'
11:56:03.598 INFO  Trade received for gala
11:56:03.598 ERROR   $$ KeyError('seqNo') $$ 
Traceback (most recent call last):
  File "C:\Users\oskar\Desktop\hft_algo\db_ex_connections\bitkub_trades.py", line 59, in main
    f"Trade received on timestamp: {int(r['ts'] * 1000)} for {r['stream'].split('_')[1]}, seqNo: {r['seqNo']}")
KeyError: 'seqNo'
11:56:04.291 INFO  Trade received for ada
11:56:04.291 ERROR   $$ KeyError('seqNo') $$ 
Traceback (most recent call last):
  File "C:\Users\oskar\Desktop\hft_algo\db_ex_connections\bitkub_trades.py", line 59, in main
    f"Trade received on timestamp: {int(r['ts'] * 1000)} for {r['stream'].split('_')[1]}, seqNo: {r['seqNo']}")
KeyError: 'seqNo'
11:56:04.968 INFO  Trade received for usdt
11:56:04.968 ERROR   $$ KeyError('seqNo') $$ 
Traceback (most recent call last):
  File "C:\Users\oskar\Desktop\hft_algo\db_ex_connections\bitkub_trades.py", line 59, in main
    f"Trade received on timestamp: {int(r['ts'] * 1000)} for {r['stream'].split('_')[1]}, seqNo: {r['seqNo']}")
KeyError: 'seqNo'
11:56:05.497 INFO  Trade received for sand
11:56:05.497 ERROR   $$ KeyError('seqNo') $$ 
Traceback (most recent call last):
  File "C:\Users\oskar\Desktop\hft_algo\db_ex_connections\bitkub_trades.py", line 59, in main
    f"Trade received on timestamp: {int(r['ts'] * 1000)} for {r['stream'].split('_')[1]}, seqNo: {r['seqNo']}")
KeyError: 'seqNo'
11:56:06.148 INFO  Trade received for ada
11:56:06.148 ERROR   $$ KeyError('seqNo') $$ 
Traceback (most recent call last):
  File "C:\Users\oskar\Desktop\hft_algo\db_ex_connections\bitkub_trades.py", line 59, in main
    f"Trade received on timestamp: {int(r['ts'] * 1000)} for {r['stream'].split('_')[1]}, seqNo: {r['seqNo']}")
KeyError: 'seqNo'
11:56:06.966 INFO  Trade received for imx
11:56:06.966 ERROR   $$ KeyError('seqNo') $$ 
Traceback (most recent call last):
  File "C:\Users\oskar\Desktop\hft_algo\db_ex_connections\bitkub_trades.py", line 59, in main
    f"Trade received on timestamp: {int(r['ts'] * 1000)} for {r['stream'].split('_')[1]}, seqNo: {r['seqNo']}")
KeyError: 'seqNo'
11:56:08.879 INFO  Trade received for usdt
11:56:08.879 ERROR   $$ KeyError('seqNo') $$ 
Traceback (most recent call last):
  File "C:\Users\oskar\Desktop\hft_algo\db_ex_connections\bitkub_trades.py", line 59, in main
    f"Trade received on timestamp: {int(r['ts'] * 1000)} for {r['stream'].split('_')[1]}, seqNo: {r['seqNo']}")
KeyError: 'seqNo'
11:56:09.192 INFO  Trade received for gala
11:56:09.192 ERROR   $$ KeyError('seqNo') $$ 
Traceback (most recent call last):
  File "C:\Users\oskar\Desktop\hft_algo\db_ex_connections\bitkub_trades.py", line 59, in main
    f"Trade received on timestamp: {int(r['ts'] * 1000)} for {r['stream'].split('_')[1]}, seqNo: {r['seqNo']}")
KeyError: 'seqNo'
11:56:10.397 INFO  Trade received for usdt
11:56:10.397 ERROR   $$ KeyError('seqNo') $$ 
Traceback (most recent call last):
  File "C:\Users\oskar\Desktop\hft_algo\db_ex_connections\bitkub_trades.py", line 59, in main
    f"Trade received on timestamp: {int(r['ts'] * 1000)} for {r['stream'].split('_')[1]}, seqNo: {r['seqNo']}")
KeyError: 'seqNo'
11:56:10.491 INFO  Trade received for usdt
11:56:10.491 ERROR   $$ KeyError('seqNo') $$ 
Traceback (most recent call last):
  File "C:\Users\oskar\Desktop\hft_algo\db_ex_connections\bitkub_trades.py", line 59, in main
    f"Trade received on timestamp: {int(r['ts'] * 1000)} for {r['stream'].split('_')[1]}, seqNo: {r['seqNo']}")
KeyError: 'seqNo'
11:56:12.579 INFO  Trade received for btc
11:56:12.579 ERROR   $$ KeyError('seqNo') $$ 
Traceback (most recent call last):
  File "C:\Users\oskar\Desktop\hft_algo\db_ex_connections\bitkub_trades.py", line 59, in main
    f"Trade received on timestamp: {int(r['ts'] * 1000)} for {r['stream'].split('_')[1]}, seqNo: {r['seqNo']}")
KeyError: 'seqNo'
11:56:12.720 INFO  Trade received for imx
11:56:12.720 ERROR   $$ KeyError('seqNo') $$ 
Traceback (most recent call last):
  File "C:\Users\oskar\Desktop\hft_algo\db_ex_connections\bitkub_trades.py", line 59, in main
    f"Trade received on timestamp: {int(r['ts'] * 1000)} for {r['stream'].split('_')[1]}, seqNo: {r['seqNo']}")
KeyError: 'seqNo'
11:56:13.772 INFO  Trade received for btc
11:56:13.772 ERROR   $$ KeyError('seqNo') $$ 
Traceback (most recent call last):
  File "C:\Users\oskar\Desktop\hft_algo\db_ex_connections\bitkub_trades.py", line 59, in main
    f"Trade received on timestamp: {int(r['ts'] * 1000)} for {r['stream'].split('_')[1]}, seqNo: {r['seqNo']}")
KeyError: 'seqNo'
11:56:51.343 INFO  Trade received for usdt
11:56:51.343 INFO  Trade received for usdt
11:56:54.404 INFO  Trade received for gala
11:56:54.738 INFO  Trade received for gala
11:56:54.785 INFO  Trade received for btc
11:56:55.124 INFO  Trade received for btc
11:56:56.275 INFO  Trade received for usdt
11:56:56.322 INFO  Trade received for eth
11:56:56.661 INFO  Trade received for imx
11:56:58.154 INFO  Trade received for gala
11:56:58.667 INFO  Trade received for mana
11:56:58.667 INFO  Trade received for mana
11:56:58.964 INFO  Trade received for usdt
11:56:59.073 INFO  Trade received for gala
11:56:59.626 INFO  Trade received for gala
11:56:59.930 INFO  Trade received for gala
07:10:59.946 INFO  Ob received and successfully saved into database for ['btcthb', 'eththb', 'dogethb', 'manathb', 'usdtthb', 'adathb', 'sandthb', 'dotthb', 'sushithb', 'galathb', 'yfithb', 'linkthb', 'imxthb', 'nearthb', 'crvthb', 'unithb'] 
