21:50:39.636 INFO  Ob received and successfully saved into database for ['xrpmxn', 'btcmxn', 'ethmxn', 'manamxn', 'ltcusd', 'btcbrl', 'linkusd', 'batmxn', 'btcusd', 'xrpusd', 'aaveusd', 'ethbrl', 'shibusd', 'sandusd', 'ftmusd']
21:50:44.648 INFO  Ob received and successfully saved into database for ['xrpmxn', 'btcmxn', 'ethmxn', 'manamxn', 'ltcusd', 'btcbrl', 'linkusd', 'batmxn', 'btcusd', 'xrpusd', 'aaveusd', 'ethbrl', 'shibusd', 'sandusd', 'ftmusd']
21:50:49.573 INFO  Ob received and successfully saved into database for ['xrpmxn', 'btcmxn', 'ethmxn', 'manamxn', 'ltcusd', 'btcbrl', 'linkusd', 'batmxn', 'btcusd', 'xrpusd', 'aaveusd', 'ethbrl', 'shibusd', 'sandusd', 'ftmusd']
21:50:54.585 INFO  Ob received and successfully saved into database for ['xrpmxn', 'btcmxn', 'ethmxn', 'manamxn', 'ltcusd', 'btcbrl', 'linkusd', 'batmxn', 'btcusd', 'xrpusd', 'aaveusd', 'ethbrl', 'shibusd', 'sandusd', 'ftmusd']
21:50:59.654 INFO  Ob received and successfully saved into database for ['xrpmxn', 'btcmxn', 'ethmxn', 'manamxn', 'ltcusd', 'btcbrl', 'linkusd', 'batmxn', 'btcusd', 'xrpusd', 'aaveusd', 'ethbrl', 'shibusd', 'sandusd', 'ftmusd']
21:51:04.618 INFO  Ob received and successfully saved into database for ['xrpmxn', 'btcmxn', 'ethmxn', 'manamxn', 'ltcusd', 'btcbrl', 'linkusd', 'batmxn', 'btcusd', 'xrpusd', 'aaveusd', 'ethbrl', 'shibusd', 'sandusd', 'ftmusd']
21:51:09.336 INFO  Ob received and successfully saved into database for ['xrpmxn', 'btcmxn', 'ethmxn', 'manamxn', 'ltcusd', 'btcbrl', 'linkusd', 'batmxn', 'btcusd', 'xrpusd', 'aaveusd', 'ethbrl', 'shibusd', 'sandusd', 'ftmusd']
21:51:14.588 INFO  Ob received and successfully saved into database for ['xrpmxn', 'btcmxn', 'ethmxn', 'manamxn', 'ltcusd', 'btcbrl', 'linkusd', 'batmxn', 'btcusd', 'xrpusd', 'aaveusd', 'ethbrl', 'shibusd', 'sandusd', 'ftmusd']
21:51:16.664 ERROR   $$ Connection kill, error:  $$ 
Traceback (most recent call last):
  File "C:\Users\oskar\Desktop\hft_algo\db_ex_connections\bitso_ob.py", line 135, in <module>
    asyncio.run(main())
  File "C:\Users\oskar\anaconda3\envs\hft_algo\lib\asyncio\runners.py", line 44, in run
    return loop.run_until_complete(main)
  File "C:\Users\oskar\anaconda3\envs\hft_algo\lib\asyncio\base_events.py", line 629, in run_until_complete
    self.run_forever()
  File "C:\Users\oskar\anaconda3\envs\hft_algo\lib\asyncio\windows_events.py", line 316, in run_forever
    super().run_forever()
  File "C:\Users\oskar\anaconda3\envs\hft_algo\lib\asyncio\base_events.py", line 596, in run_forever
    self._run_once()
  File "C:\Users\oskar\anaconda3\envs\hft_algo\lib\asyncio\base_events.py", line 1854, in _run_once
    event_list = self._selector.select(timeout)
  File "C:\Users\oskar\anaconda3\envs\hft_algo\lib\asyncio\windows_events.py", line 434, in select
    self._poll(timeout)
  File "C:\Users\oskar\anaconda3\envs\hft_algo\lib\asyncio\windows_events.py", line 783, in _poll
    status = _overlapped.GetQueuedCompletionStatus(self._iocp, ms)
KeyboardInterrupt
