21:57:08.839 INFO  Subscribed for...btcusdt
21:57:08.839 INFO  Subscribed for...ethusdt
21:57:08.839 INFO  Subscribed for...shibusdt
21:57:08.839 INFO  Subscribed for...avaxusdt
21:57:08.839 INFO  Subscribed for...filusdt
21:57:08.839 INFO  Subscribed for...adausdt
21:57:08.839 INFO  Subscribed for...solusdt
21:57:08.839 INFO  Subscribed for...xrpusdt
21:57:08.839 INFO  Subscribed for...trxusdt
21:57:08.839 INFO  Subscribed for...galausdt
21:57:08.839 INFO  Subscribed for...manausdt
21:57:08.839 INFO  Subscribed for...dotusdt
21:57:08.839 INFO  Subscribed for...lunausdt
21:57:08.839 INFO  Subscribed for...sandusdt
21:57:08.839 INFO  Subscribed for...dogeusdt
21:57:08.839 INFO  Subscribed for...axsusdt
21:57:08.839 INFO  Subscribed for...maticusdt
21:57:09.136 ERROR   $$ TypeError('string indices must be integers') $$ 
Traceback (most recent call last):
  File "C:\Users\oskar\Desktop\hft_algo\trades_collectors_v1\huobi_trades_v0.0.1.py", line 102, in perform_actions
    self.CURSOR.execute(f"""INSERT INTO huobi.{resp['ch'].split(".")[1]}_trades (id, price, volume, "timestamp")
TypeError: string indices must be integers
21:57:19.146 ERROR   $$ TypeError('string indices must be integers') $$ 
Traceback (most recent call last):
  File "C:\Users\oskar\Desktop\hft_algo\trades_collectors_v1\huobi_trades_v0.0.1.py", line 102, in perform_actions
    self.CURSOR.execute(f"""INSERT INTO huobi.{resp['ch'].split(".")[1]}_trades (id, price, volume, "timestamp")
TypeError: string indices must be integers
21:57:28.428 WARNING  Received standard closing message
21:57:28.428 WARNING  Connection is closed, waiting 5sec to reconnect
21:58:32.925 INFO  Subscribed for...btcusdt
21:58:32.925 INFO  Subscribed for...ethusdt
21:58:32.925 INFO  Subscribed for...shibusdt
21:58:32.925 INFO  Subscribed for...avaxusdt
21:58:32.925 INFO  Subscribed for...filusdt
21:58:32.925 INFO  Subscribed for...adausdt
21:58:32.925 INFO  Subscribed for...solusdt
21:58:32.925 INFO  Subscribed for...xrpusdt
21:58:32.925 INFO  Subscribed for...trxusdt
21:58:32.925 INFO  Subscribed for...galausdt
21:58:32.925 INFO  Subscribed for...manausdt
21:58:32.925 INFO  Subscribed for...dotusdt
21:58:32.925 INFO  Subscribed for...lunausdt
21:58:32.925 INFO  Subscribed for...sandusdt
21:58:32.925 INFO  Subscribed for...dogeusdt
21:58:32.925 INFO  Subscribed for...axsusdt
21:58:32.925 INFO  Subscribed for...maticusdt
21:58:33.223 ERROR   $$ TypeError('string indices must be integers') $$ 
Traceback (most recent call last):
  File "C:\Users\oskar\Desktop\hft_algo\trades_collectors_v1\huobi_trades_v0.0.1.py", line 102, in perform_actions
    self.CURSOR.execute(f"""INSERT INTO huobi.{resp['ch'].split(".")[1]}_trades (id, price, volume, "timestamp")
TypeError: string indices must be integers
21:58:43.234 ERROR   $$ TypeError('string indices must be integers') $$ 
Traceback (most recent call last):
  File "C:\Users\oskar\Desktop\hft_algo\trades_collectors_v1\huobi_trades_v0.0.1.py", line 102, in perform_actions
    self.CURSOR.execute(f"""INSERT INTO huobi.{resp['ch'].split(".")[1]}_trades (id, price, volume, "timestamp")
TypeError: string indices must be integers
21:58:53.247 ERROR   $$ TypeError('string indices must be integers') $$ 
Traceback (most recent call last):
  File "C:\Users\oskar\Desktop\hft_algo\trades_collectors_v1\huobi_trades_v0.0.1.py", line 102, in perform_actions
    self.CURSOR.execute(f"""INSERT INTO huobi.{resp['ch'].split(".")[1]}_trades (id, price, volume, "timestamp")
TypeError: string indices must be integers
21:58:59.581 WARNING  Received standard closing message
21:58:59.581 WARNING  Connection is closed, waiting 5sec to reconnect
22:02:01.531 INFO  Subscribed for...btcusdt
22:02:01.531 INFO  Subscribed for...ethusdt
22:02:01.531 INFO  Subscribed for...shibusdt
22:02:01.531 INFO  Subscribed for...avaxusdt
22:02:01.531 INFO  Subscribed for...filusdt
22:02:01.531 INFO  Subscribed for...adausdt
22:02:01.531 INFO  Subscribed for...solusdt
22:02:01.531 INFO  Subscribed for...xrpusdt
22:02:01.531 INFO  Subscribed for...trxusdt
22:02:01.531 INFO  Subscribed for...galausdt
22:02:01.531 INFO  Subscribed for...manausdt
22:02:01.531 INFO  Subscribed for...dotusdt
22:02:01.531 INFO  Subscribed for...lunausdt
22:02:01.531 INFO  Subscribed for...sandusdt
22:02:01.531 INFO  Subscribed for...dogeusdt
22:02:01.531 INFO  Subscribed for...axsusdt
22:02:01.531 INFO  Subscribed for...maticusdt
22:02:01.797 ERROR   $$ KeyError('ch') $$ 
Traceback (most recent call last):
  File "C:\Users\oskar\Desktop\hft_algo\trades_collectors_v1\huobi_trades_v0.0.1.py", line 102, in perform_actions
    self.CURSOR.execute(f"""INSERT INTO huobi.{response['ch'].split(".")[1]}_trades (id, price, volume, "timestamp")
KeyError: 'ch'
22:02:01.797 ERROR   $$ TypeError('string indices must be integers') $$ 
Traceback (most recent call last):
  File "C:\Users\oskar\Desktop\hft_algo\trades_collectors_v1\huobi_trades_v0.0.1.py", line 104, in perform_actions
    '{str(resp['tick']['data'][0]['tradeId'])}',
TypeError: string indices must be integers
22:02:11.798 ERROR   $$ TypeError('string indices must be integers') $$ 
Traceback (most recent call last):
  File "C:\Users\oskar\Desktop\hft_algo\trades_collectors_v1\huobi_trades_v0.0.1.py", line 104, in perform_actions
    '{str(resp['tick']['data'][0]['tradeId'])}',
TypeError: string indices must be integers
22:02:21.807 ERROR   $$ KeyError('ch') $$ 
Traceback (most recent call last):
  File "C:\Users\oskar\Desktop\hft_algo\trades_collectors_v1\huobi_trades_v0.0.1.py", line 102, in perform_actions
    self.CURSOR.execute(f"""INSERT INTO huobi.{response['ch'].split(".")[1]}_trades (id, price, volume, "timestamp")
KeyError: 'ch'
22:02:21.807 ERROR   $$ TypeError('string indices must be integers') $$ 
Traceback (most recent call last):
  File "C:\Users\oskar\Desktop\hft_algo\trades_collectors_v1\huobi_trades_v0.0.1.py", line 104, in perform_actions
    '{str(resp['tick']['data'][0]['tradeId'])}',
TypeError: string indices must be integers
22:02:31.816 ERROR   $$ KeyError('ch') $$ 
Traceback (most recent call last):
  File "C:\Users\oskar\Desktop\hft_algo\trades_collectors_v1\huobi_trades_v0.0.1.py", line 102, in perform_actions
    self.CURSOR.execute(f"""INSERT INTO huobi.{response['ch'].split(".")[1]}_trades (id, price, volume, "timestamp")
KeyError: 'ch'
22:02:31.816 ERROR   $$ TypeError('string indices must be integers') $$ 
Traceback (most recent call last):
  File "C:\Users\oskar\Desktop\hft_algo\trades_collectors_v1\huobi_trades_v0.0.1.py", line 104, in perform_actions
    '{str(resp['tick']['data'][0]['tradeId'])}',
TypeError: string indices must be integers
22:02:41.817 ERROR   $$ KeyError('ch') $$ 
Traceback (most recent call last):
  File "C:\Users\oskar\Desktop\hft_algo\trades_collectors_v1\huobi_trades_v0.0.1.py", line 102, in perform_actions
    self.CURSOR.execute(f"""INSERT INTO huobi.{response['ch'].split(".")[1]}_trades (id, price, volume, "timestamp")
KeyError: 'ch'
22:02:41.817 ERROR   $$ TypeError('string indices must be integers') $$ 
Traceback (most recent call last):
  File "C:\Users\oskar\Desktop\hft_algo\trades_collectors_v1\huobi_trades_v0.0.1.py", line 104, in perform_actions
    '{str(resp['tick']['data'][0]['tradeId'])}',
TypeError: string indices must be integers
22:02:51.825 ERROR   $$ KeyError('ch') $$ 
Traceback (most recent call last):
  File "C:\Users\oskar\Desktop\hft_algo\trades_collectors_v1\huobi_trades_v0.0.1.py", line 102, in perform_actions
    self.CURSOR.execute(f"""INSERT INTO huobi.{response['ch'].split(".")[1]}_trades (id, price, volume, "timestamp")
KeyError: 'ch'
22:02:51.825 ERROR   $$ TypeError('string indices must be integers') $$ 
Traceback (most recent call last):
  File "C:\Users\oskar\Desktop\hft_algo\trades_collectors_v1\huobi_trades_v0.0.1.py", line 104, in perform_actions
    '{str(resp['tick']['data'][0]['tradeId'])}',
TypeError: string indices must be integers
22:03:01.828 ERROR   $$ KeyError('ch') $$ 
Traceback (most recent call last):
  File "C:\Users\oskar\Desktop\hft_algo\trades_collectors_v1\huobi_trades_v0.0.1.py", line 102, in perform_actions
    self.CURSOR.execute(f"""INSERT INTO huobi.{response['ch'].split(".")[1]}_trades (id, price, volume, "timestamp")
KeyError: 'ch'
22:03:01.828 ERROR   $$ TypeError('string indices must be integers') $$ 
Traceback (most recent call last):
  File "C:\Users\oskar\Desktop\hft_algo\trades_collectors_v1\huobi_trades_v0.0.1.py", line 104, in perform_actions
    '{str(resp['tick']['data'][0]['tradeId'])}',
TypeError: string indices must be integers
22:03:11.839 ERROR   $$ KeyError('ch') $$ 
Traceback (most recent call last):
  File "C:\Users\oskar\Desktop\hft_algo\trades_collectors_v1\huobi_trades_v0.0.1.py", line 102, in perform_actions
    self.CURSOR.execute(f"""INSERT INTO huobi.{response['ch'].split(".")[1]}_trades (id, price, volume, "timestamp")
KeyError: 'ch'
22:03:11.839 ERROR   $$ TypeError('string indices must be integers') $$ 
Traceback (most recent call last):
  File "C:\Users\oskar\Desktop\hft_algo\trades_collectors_v1\huobi_trades_v0.0.1.py", line 104, in perform_actions
    '{str(resp['tick']['data'][0]['tradeId'])}',
TypeError: string indices must be integers
22:03:21.840 ERROR   $$ KeyError('ch') $$ 
Traceback (most recent call last):
  File "C:\Users\oskar\Desktop\hft_algo\trades_collectors_v1\huobi_trades_v0.0.1.py", line 102, in perform_actions
    self.CURSOR.execute(f"""INSERT INTO huobi.{response['ch'].split(".")[1]}_trades (id, price, volume, "timestamp")
KeyError: 'ch'
22:03:21.840 ERROR   $$ TypeError('string indices must be integers') $$ 
Traceback (most recent call last):
  File "C:\Users\oskar\Desktop\hft_algo\trades_collectors_v1\huobi_trades_v0.0.1.py", line 104, in perform_actions
    '{str(resp['tick']['data'][0]['tradeId'])}',
TypeError: string indices must be integers
22:03:31.856 ERROR   $$ KeyError('ch') $$ 
Traceback (most recent call last):
  File "C:\Users\oskar\Desktop\hft_algo\trades_collectors_v1\huobi_trades_v0.0.1.py", line 102, in perform_actions
    self.CURSOR.execute(f"""INSERT INTO huobi.{response['ch'].split(".")[1]}_trades (id, price, volume, "timestamp")
KeyError: 'ch'
22:03:31.856 ERROR   $$ TypeError('string indices must be integers') $$ 
Traceback (most recent call last):
  File "C:\Users\oskar\Desktop\hft_algo\trades_collectors_v1\huobi_trades_v0.0.1.py", line 104, in perform_actions
    '{str(resp['tick']['data'][0]['tradeId'])}',
TypeError: string indices must be integers
22:03:41.857 ERROR   $$ KeyError('ch') $$ 
Traceback (most recent call last):
  File "C:\Users\oskar\Desktop\hft_algo\trades_collectors_v1\huobi_trades_v0.0.1.py", line 102, in perform_actions
    self.CURSOR.execute(f"""INSERT INTO huobi.{response['ch'].split(".")[1]}_trades (id, price, volume, "timestamp")
KeyError: 'ch'
22:03:41.857 ERROR   $$ TypeError('string indices must be integers') $$ 
Traceback (most recent call last):
  File "C:\Users\oskar\Desktop\hft_algo\trades_collectors_v1\huobi_trades_v0.0.1.py", line 104, in perform_actions
    '{str(resp['tick']['data'][0]['tradeId'])}',
TypeError: string indices must be integers
22:03:51.866 ERROR   $$ KeyError('ch') $$ 
Traceback (most recent call last):
  File "C:\Users\oskar\Desktop\hft_algo\trades_collectors_v1\huobi_trades_v0.0.1.py", line 102, in perform_actions
    self.CURSOR.execute(f"""INSERT INTO huobi.{response['ch'].split(".")[1]}_trades (id, price, volume, "timestamp")
KeyError: 'ch'
22:03:51.866 ERROR   $$ TypeError('string indices must be integers') $$ 
Traceback (most recent call last):
  File "C:\Users\oskar\Desktop\hft_algo\trades_collectors_v1\huobi_trades_v0.0.1.py", line 104, in perform_actions
    '{str(resp['tick']['data'][0]['tradeId'])}',
TypeError: string indices must be integers
22:03:53.944 WARNING  Received standard closing message
22:03:53.944 WARNING  Connection is closed, waiting 5sec to reconnect
