05:45:42.493 INFO  Ob received and successfully saved into database for ['btcpln', 'ethpln', 'lunapln', 'ftmpln', 'btceur', 'xrppln', 'etheur', 'adapln', 'maticpln', 'usdtpln', 'dotpln', 'avaxpln', 'dogepln', 'trxpln', 'manapln', 'linkpln'] 
05:46:00.099 INFO  Ob received and successfully saved into database for ['btcpln', 'ethpln', 'lunapln', 'ftmpln', 'btceur', 'xrppln', 'etheur', 'adapln', 'maticpln', 'usdtpln', 'dotpln', 'avaxpln', 'dogepln', 'trxpln', 'manapln', 'linkpln'] 
05:46:04.710 INFO  Ob received and successfully saved into database for ['btcpln', 'ethpln', 'lunapln', 'ftmpln', 'btceur', 'xrppln', 'etheur', 'adapln', 'maticpln', 'usdtpln', 'dotpln', 'avaxpln', 'dogepln', 'trxpln', 'manapln', 'linkpln'] 
05:46:09.729 INFO  Ob received and successfully saved into database for ['btcpln', 'ethpln', 'lunapln', 'ftmpln', 'btceur', 'xrppln', 'etheur', 'adapln', 'maticpln', 'usdtpln', 'dotpln', 'avaxpln', 'dogepln', 'trxpln', 'manapln', 'linkpln'] 
05:46:14.718 INFO  Ob received and successfully saved into database for ['btcpln', 'ethpln', 'lunapln', 'ftmpln', 'btceur', 'xrppln', 'etheur', 'adapln', 'maticpln', 'usdtpln', 'dotpln', 'avaxpln', 'dogepln', 'trxpln', 'manapln', 'linkpln'] 
05:46:19.738 INFO  Ob received and successfully saved into database for ['btcpln', 'ethpln', 'lunapln', 'ftmpln', 'btceur', 'xrppln', 'etheur', 'adapln', 'maticpln', 'usdtpln', 'dotpln', 'avaxpln', 'dogepln', 'trxpln', 'manapln', 'linkpln'] 
06:01:12.253 INFO  Ob received and successfully saved into database for ['btcpln', 'ethpln', 'lunapln', 'ftmpln', 'btceur', 'xrppln', 'etheur', 'adapln', 'maticpln', 'usdtpln', 'dotpln', 'avaxpln', 'dogepln', 'trxpln', 'manapln', 'linkpln'] 
06:01:16.724 INFO  Ob received and successfully saved into database for ['btcpln', 'ethpln', 'lunapln', 'ftmpln', 'btceur', 'xrppln', 'etheur', 'adapln', 'maticpln', 'usdtpln', 'dotpln', 'avaxpln', 'dogepln', 'trxpln', 'manapln', 'linkpln'] 
06:01:47.771 INFO  Ob received and successfully saved into database for ['btcpln', 'ethpln', 'lunapln', 'ftmpln', 'btceur', 'xrppln', 'etheur', 'adapln', 'maticpln', 'usdtpln', 'dotpln', 'avaxpln', 'dogepln', 'trxpln', 'manapln', 'linkpln'] 
06:01:52.426 INFO  Ob received and successfully saved into database for ['btcpln', 'ethpln', 'lunapln', 'ftmpln', 'btceur', 'xrppln', 'etheur', 'adapln', 'maticpln', 'usdtpln', 'dotpln', 'avaxpln', 'dogepln', 'trxpln', 'manapln', 'linkpln'] 
06:01:57.430 INFO  Ob received and successfully saved into database for ['btcpln', 'ethpln', 'lunapln', 'ftmpln', 'btceur', 'xrppln', 'etheur', 'adapln', 'maticpln', 'usdtpln', 'dotpln', 'avaxpln', 'dogepln', 'trxpln', 'manapln', 'linkpln'] 
06:06:17.245 INFO  Ob received and successfully saved into database for ['btcpln', 'ethpln', 'lunapln', 'ftmpln', 'btceur', 'xrppln', 'etheur', 'adapln', 'maticpln', 'usdtpln', 'dotpln', 'avaxpln', 'dogepln', 'trxpln', 'manapln', 'linkpln'] 
06:11:00.960 INFO  Ob received and successfully saved into database for ['btcpln', 'ethpln', 'lunapln', 'ftmpln', 'btceur', 'xrppln', 'etheur', 'adapln', 'maticpln', 'usdtpln', 'dotpln', 'avaxpln', 'dogepln', 'trxpln', 'manapln', 'linkpln'] 
06:11:05.602 INFO  Ob received and successfully saved into database for ['btcpln', 'ethpln', 'lunapln', 'ftmpln', 'btceur', 'xrppln', 'etheur', 'adapln', 'maticpln', 'usdtpln', 'dotpln', 'avaxpln', 'dogepln', 'trxpln', 'manapln', 'linkpln'] 
06:14:45.566 INFO  Ob received and successfully saved into database for ['btcpln', 'ethpln', 'lunapln', 'ftmpln', 'btceur', 'xrppln', 'etheur', 'adapln', 'maticpln', 'usdtpln', 'dotpln', 'avaxpln', 'dogepln', 'trxpln', 'manapln', 'linkpln'] 
06:15:13.612 INFO  Ob received and successfully saved into database for ['btcpln', 'ethpln', 'lunapln', 'ftmpln', 'btceur', 'xrppln', 'etheur', 'adapln', 'maticpln', 'usdtpln', 'dotpln', 'avaxpln', 'dogepln', 'trxpln', 'manapln', 'linkpln'] 
06:15:15.790 INFO  Ob received and successfully saved into database for ['btcpln', 'ethpln', 'lunapln', 'ftmpln', 'btceur', 'xrppln', 'etheur', 'adapln', 'maticpln', 'usdtpln', 'dotpln', 'avaxpln', 'dogepln', 'trxpln', 'manapln', 'linkpln'] 
06:15:20.653 INFO  Ob received and successfully saved into database for ['btcpln', 'ethpln', 'lunapln', 'ftmpln', 'btceur', 'xrppln', 'etheur', 'adapln', 'maticpln', 'usdtpln', 'dotpln', 'avaxpln', 'dogepln', 'trxpln', 'manapln', 'linkpln'] 
06:15:25.648 INFO  Ob received and successfully saved into database for ['btcpln', 'ethpln', 'lunapln', 'ftmpln', 'btceur', 'xrppln', 'etheur', 'adapln', 'maticpln', 'usdtpln', 'dotpln', 'avaxpln', 'dogepln', 'trxpln', 'manapln', 'linkpln'] 
06:18:03.666 INFO  Ob received and successfully saved into database for ['btcpln', 'ethpln', 'lunapln', 'ftmpln', 'btceur', 'xrppln', 'etheur', 'adapln', 'maticpln', 'usdtpln', 'dotpln', 'avaxpln', 'dogepln', 'trxpln', 'manapln', 'linkpln'] 
06:18:08.273 INFO  Ob received and successfully saved into database for ['btcpln', 'ethpln', 'lunapln', 'ftmpln', 'btceur', 'xrppln', 'etheur', 'adapln', 'maticpln', 'usdtpln', 'dotpln', 'avaxpln', 'dogepln', 'trxpln', 'manapln', 'linkpln'] 
06:18:10.195 ERROR   $$ System's try to kill process, error:  $$ 
Traceback (most recent call last):
  File "C:\Users\oskar\Desktop\hft_algo\db_ex_connections\zonda_ob.py", line 135, in <module>
    asyncio.run(main())
  File "C:\Users\oskar\anaconda3\envs\hft_algo\lib\asyncio\runners.py", line 44, in run
    return loop.run_until_complete(main)
  File "C:\Users\oskar\anaconda3\envs\hft_algo\lib\asyncio\base_events.py", line 629, in run_until_complete
    self.run_forever()
  File "C:\Users\oskar\anaconda3\envs\hft_algo\lib\asyncio\windows_events.py", line 316, in run_forever
    super().run_forever()
  File "C:\Users\oskar\anaconda3\envs\hft_algo\lib\asyncio\base_events.py", line 596, in run_forever
    self._run_once()
  File "C:\Users\oskar\anaconda3\envs\hft_algo\lib\asyncio\base_events.py", line 1854, in _run_once
    event_list = self._selector.select(timeout)
  File "C:\Users\oskar\anaconda3\envs\hft_algo\lib\asyncio\windows_events.py", line 434, in select
    self._poll(timeout)
  File "C:\Users\oskar\anaconda3\envs\hft_algo\lib\asyncio\windows_events.py", line 783, in _poll
    status = _overlapped.GetQueuedCompletionStatus(self._iocp, ms)
KeyboardInterrupt
06:18:10.705 INFO  Ob received and successfully saved into database for ['btcpln', 'ethpln', 'lunapln', 'ftmpln', 'btceur', 'xrppln', 'etheur', 'adapln', 'maticpln', 'usdtpln', 'dotpln', 'avaxpln', 'dogepln', 'trxpln', 'manapln', 'linkpln'] 
06:18:15.546 INFO  Ob received and successfully saved into database for ['btcpln', 'ethpln', 'lunapln', 'ftmpln', 'btceur', 'xrppln', 'etheur', 'adapln', 'maticpln', 'usdtpln', 'dotpln', 'avaxpln', 'dogepln', 'trxpln', 'manapln', 'linkpln'] 
06:18:20.369 INFO  Ob received and successfully saved into database for ['btcpln', 'ethpln', 'lunapln', 'ftmpln', 'btceur', 'xrppln', 'etheur', 'adapln', 'maticpln', 'usdtpln', 'dotpln', 'avaxpln', 'dogepln', 'trxpln', 'manapln', 'linkpln'] 
06:18:25.501 INFO  Ob received and successfully saved into database for ['btcpln', 'ethpln', 'lunapln', 'ftmpln', 'btceur', 'xrppln', 'etheur', 'adapln', 'maticpln', 'usdtpln', 'dotpln', 'avaxpln', 'dogepln', 'trxpln', 'manapln', 'linkpln'] 
06:18:30.391 INFO  Ob received and successfully saved into database for ['btcpln', 'ethpln', 'lunapln', 'ftmpln', 'btceur', 'xrppln', 'etheur', 'adapln', 'maticpln', 'usdtpln', 'dotpln', 'avaxpln', 'dogepln', 'trxpln', 'manapln', 'linkpln'] 
06:18:35.419 INFO  Ob received and successfully saved into database for ['btcpln', 'ethpln', 'lunapln', 'ftmpln', 'btceur', 'xrppln', 'etheur', 'adapln', 'maticpln', 'usdtpln', 'dotpln', 'avaxpln', 'dogepln', 'trxpln', 'manapln', 'linkpln'] 
06:18:40.478 INFO  Ob received and successfully saved into database for ['btcpln', 'ethpln', 'lunapln', 'ftmpln', 'btceur', 'xrppln', 'etheur', 'adapln', 'maticpln', 'usdtpln', 'dotpln', 'avaxpln', 'dogepln', 'trxpln', 'manapln', 'linkpln'] 
06:18:45.418 INFO  Ob received and successfully saved into database for ['btcpln', 'ethpln', 'lunapln', 'ftmpln', 'btceur', 'xrppln', 'etheur', 'adapln', 'maticpln', 'usdtpln', 'dotpln', 'avaxpln', 'dogepln', 'trxpln', 'manapln', 'linkpln'] 
06:18:50.472 INFO  Ob received and successfully saved into database for ['btcpln', 'ethpln', 'lunapln', 'ftmpln', 'btceur', 'xrppln', 'etheur', 'adapln', 'maticpln', 'usdtpln', 'dotpln', 'avaxpln', 'dogepln', 'trxpln', 'manapln', 'linkpln'] 
06:18:55.801 INFO  Ob received and successfully saved into database for ['btcpln', 'ethpln', 'lunapln', 'ftmpln', 'btceur', 'xrppln', 'etheur', 'adapln', 'maticpln', 'usdtpln', 'dotpln', 'avaxpln', 'dogepln', 'trxpln', 'manapln', 'linkpln'] 
06:19:00.363 INFO  Ob received and successfully saved into database for ['btcpln', 'ethpln', 'lunapln', 'ftmpln', 'btceur', 'xrppln', 'etheur', 'adapln', 'maticpln', 'usdtpln', 'dotpln', 'avaxpln', 'dogepln', 'trxpln', 'manapln', 'linkpln'] 
06:19:05.454 INFO  Ob received and successfully saved into database for ['btcpln', 'ethpln', 'lunapln', 'ftmpln', 'btceur', 'xrppln', 'etheur', 'adapln', 'maticpln', 'usdtpln', 'dotpln', 'avaxpln', 'dogepln', 'trxpln', 'manapln', 'linkpln'] 
06:19:07.870 ERROR   $$ System's try to kill process, error:  $$ 
Traceback (most recent call last):
  File "C:\Users\oskar\Desktop\hft_algo\db_ex_connections\zonda_ob.py", line 135, in <module>
    asyncio.run(main())
  File "C:\Users\oskar\anaconda3\envs\hft_algo\lib\asyncio\runners.py", line 44, in run
    return loop.run_until_complete(main)
  File "C:\Users\oskar\anaconda3\envs\hft_algo\lib\asyncio\base_events.py", line 629, in run_until_complete
    self.run_forever()
  File "C:\Users\oskar\anaconda3\envs\hft_algo\lib\asyncio\windows_events.py", line 316, in run_forever
    super().run_forever()
  File "C:\Users\oskar\anaconda3\envs\hft_algo\lib\asyncio\base_events.py", line 596, in run_forever
    self._run_once()
  File "C:\Users\oskar\anaconda3\envs\hft_algo\lib\asyncio\base_events.py", line 1854, in _run_once
    event_list = self._selector.select(timeout)
  File "C:\Users\oskar\anaconda3\envs\hft_algo\lib\asyncio\windows_events.py", line 434, in select
    self._poll(timeout)
  File "C:\Users\oskar\anaconda3\envs\hft_algo\lib\asyncio\windows_events.py", line 783, in _poll
    status = _overlapped.GetQueuedCompletionStatus(self._iocp, ms)
KeyboardInterrupt
06:19:08.176 INFO  Ob received and successfully saved into database for ['btcpln', 'ethpln', 'lunapln', 'ftmpln', 'btceur', 'xrppln', 'etheur', 'adapln', 'maticpln', 'usdtpln', 'dotpln', 'avaxpln', 'dogepln', 'trxpln', 'manapln', 'linkpln'] 
06:19:12.990 INFO  Ob received and successfully saved into database for ['btcpln', 'ethpln', 'lunapln', 'ftmpln', 'btceur', 'xrppln', 'etheur', 'adapln', 'maticpln', 'usdtpln', 'dotpln', 'avaxpln', 'dogepln', 'trxpln', 'manapln', 'linkpln'] 
06:19:18.027 INFO  Ob received and successfully saved into database for ['btcpln', 'ethpln', 'lunapln', 'ftmpln', 'btceur', 'xrppln', 'etheur', 'adapln', 'maticpln', 'usdtpln', 'dotpln', 'avaxpln', 'dogepln', 'trxpln', 'manapln', 'linkpln'] 
06:19:23.027 INFO  Ob received and successfully saved into database for ['btcpln', 'ethpln', 'lunapln', 'ftmpln', 'btceur', 'xrppln', 'etheur', 'adapln', 'maticpln', 'usdtpln', 'dotpln', 'avaxpln', 'dogepln', 'trxpln', 'manapln', 'linkpln'] 
06:19:28.021 INFO  Ob received and successfully saved into database for ['btcpln', 'ethpln', 'lunapln', 'ftmpln', 'btceur', 'xrppln', 'etheur', 'adapln', 'maticpln', 'usdtpln', 'dotpln', 'avaxpln', 'dogepln', 'trxpln', 'manapln', 'linkpln'] 
06:19:33.041 INFO  Ob received and successfully saved into database for ['btcpln', 'ethpln', 'lunapln', 'ftmpln', 'btceur', 'xrppln', 'etheur', 'adapln', 'maticpln', 'usdtpln', 'dotpln', 'avaxpln', 'dogepln', 'trxpln', 'manapln', 'linkpln'] 
06:19:38.045 INFO  Ob received and successfully saved into database for ['btcpln', 'ethpln', 'lunapln', 'ftmpln', 'btceur', 'xrppln', 'etheur', 'adapln', 'maticpln', 'usdtpln', 'dotpln', 'avaxpln', 'dogepln', 'trxpln', 'manapln', 'linkpln'] 
06:19:43.030 INFO  Ob received and successfully saved into database for ['btcpln', 'ethpln', 'lunapln', 'ftmpln', 'btceur', 'xrppln', 'etheur', 'adapln', 'maticpln', 'usdtpln', 'dotpln', 'avaxpln', 'dogepln', 'trxpln', 'manapln', 'linkpln'] 
06:19:48.060 INFO  Ob received and successfully saved into database for ['btcpln', 'ethpln', 'lunapln', 'ftmpln', 'btceur', 'xrppln', 'etheur', 'adapln', 'maticpln', 'usdtpln', 'dotpln', 'avaxpln', 'dogepln', 'trxpln', 'manapln', 'linkpln'] 
06:19:53.047 INFO  Ob received and successfully saved into database for ['btcpln', 'ethpln', 'lunapln', 'ftmpln', 'btceur', 'xrppln', 'etheur', 'adapln', 'maticpln', 'usdtpln', 'dotpln', 'avaxpln', 'dogepln', 'trxpln', 'manapln', 'linkpln'] 
06:19:58.055 INFO  Ob received and successfully saved into database for ['btcpln', 'ethpln', 'lunapln', 'ftmpln', 'btceur', 'xrppln', 'etheur', 'adapln', 'maticpln', 'usdtpln', 'dotpln', 'avaxpln', 'dogepln', 'trxpln', 'manapln', 'linkpln'] 
06:20:03.064 INFO  Ob received and successfully saved into database for ['btcpln', 'ethpln', 'lunapln', 'ftmpln', 'btceur', 'xrppln', 'etheur', 'adapln', 'maticpln', 'usdtpln', 'dotpln', 'avaxpln', 'dogepln', 'trxpln', 'manapln', 'linkpln'] 
06:20:08.092 INFO  Ob received and successfully saved into database for ['btcpln', 'ethpln', 'lunapln', 'ftmpln', 'btceur', 'xrppln', 'etheur', 'adapln', 'maticpln', 'usdtpln', 'dotpln', 'avaxpln', 'dogepln', 'trxpln', 'manapln', 'linkpln'] 
06:20:13.127 INFO  Ob received and successfully saved into database for ['btcpln', 'ethpln', 'lunapln', 'ftmpln', 'btceur', 'xrppln', 'etheur', 'adapln', 'maticpln', 'usdtpln', 'dotpln', 'avaxpln', 'dogepln', 'trxpln', 'manapln', 'linkpln'] 
06:20:18.104 INFO  Ob received and successfully saved into database for ['btcpln', 'ethpln', 'lunapln', 'ftmpln', 'btceur', 'xrppln', 'etheur', 'adapln', 'maticpln', 'usdtpln', 'dotpln', 'avaxpln', 'dogepln', 'trxpln', 'manapln', 'linkpln'] 
06:20:23.107 INFO  Ob received and successfully saved into database for ['btcpln', 'ethpln', 'lunapln', 'ftmpln', 'btceur', 'xrppln', 'etheur', 'adapln', 'maticpln', 'usdtpln', 'dotpln', 'avaxpln', 'dogepln', 'trxpln', 'manapln', 'linkpln'] 
06:20:28.203 INFO  Ob received and successfully saved into database for ['btcpln', 'ethpln', 'lunapln', 'ftmpln', 'btceur', 'xrppln', 'etheur', 'adapln', 'maticpln', 'usdtpln', 'dotpln', 'avaxpln', 'dogepln', 'trxpln', 'manapln', 'linkpln'] 
06:20:33.154 INFO  Ob received and successfully saved into database for ['btcpln', 'ethpln', 'lunapln', 'ftmpln', 'btceur', 'xrppln', 'etheur', 'adapln', 'maticpln', 'usdtpln', 'dotpln', 'avaxpln', 'dogepln', 'trxpln', 'manapln', 'linkpln'] 
06:20:38.157 INFO  Ob received and successfully saved into database for ['btcpln', 'ethpln', 'lunapln', 'ftmpln', 'btceur', 'xrppln', 'etheur', 'adapln', 'maticpln', 'usdtpln', 'dotpln', 'avaxpln', 'dogepln', 'trxpln', 'manapln', 'linkpln'] 
06:20:43.158 INFO  Ob received and successfully saved into database for ['btcpln', 'ethpln', 'lunapln', 'ftmpln', 'btceur', 'xrppln', 'etheur', 'adapln', 'maticpln', 'usdtpln', 'dotpln', 'avaxpln', 'dogepln', 'trxpln', 'manapln', 'linkpln'] 
06:20:48.155 INFO  Ob received and successfully saved into database for ['btcpln', 'ethpln', 'lunapln', 'ftmpln', 'btceur', 'xrppln', 'etheur', 'adapln', 'maticpln', 'usdtpln', 'dotpln', 'avaxpln', 'dogepln', 'trxpln', 'manapln', 'linkpln'] 
06:20:53.658 INFO  Ob received and successfully saved into database for ['btcpln', 'ethpln', 'lunapln', 'ftmpln', 'btceur', 'xrppln', 'etheur', 'adapln', 'maticpln', 'usdtpln', 'dotpln', 'avaxpln', 'dogepln', 'trxpln', 'manapln', 'linkpln'] 
